 
****************************************
Report : cell
Design : ECE564MyDesign
Version: P-2019.03-SP1
Date   : Fri Nov 22 18:24:23 2019
****************************************

Attributes:
   BO - reference allows boundary optimization
    b - black box (unknown)
    h - hierarchical
    n - noncombinational
    r - removable
    u - contains unmapped logic

Cell                      Reference       Library             Area  Attributes
--------------------------------------------------------------------------------
U1/U1/state_reg           SDFF_X2         NangateOpenCellLibrary_PDKv1_2_v2008_10_slow_nldm
                                                            6.1180  n
U1/U2/add_9               ECE564MyDesign_DW01_inc_3        39.3680  BO, h
U1/U2/count_reg[0]        DFF_X2          NangateOpenCellLibrary_PDKv1_2_v2008_10_slow_nldm
                                                            4.7880  n
U1/U2/count_reg[1]        DFF_X2          NangateOpenCellLibrary_PDKv1_2_v2008_10_slow_nldm
                                                            4.7880  n
U1/U2/count_reg[2]        DFF_X2          NangateOpenCellLibrary_PDKv1_2_v2008_10_slow_nldm
                                                            4.7880  n
U1/U2/count_reg[3]        DFF_X2          NangateOpenCellLibrary_PDKv1_2_v2008_10_slow_nldm
                                                            4.7880  n
U1/U2/count_reg[4]        DFF_X2          NangateOpenCellLibrary_PDKv1_2_v2008_10_slow_nldm
                                                            4.7880  n
U1/U2/count_reg[5]        DFF_X2          NangateOpenCellLibrary_PDKv1_2_v2008_10_slow_nldm
                                                            4.7880  n
U1/U2/count_reg[6]        DFF_X2          NangateOpenCellLibrary_PDKv1_2_v2008_10_slow_nldm
                                                            4.7880  n
U1/U2/count_reg[7]        DFF_X2          NangateOpenCellLibrary_PDKv1_2_v2008_10_slow_nldm
                                                            4.7880  n
U1/U2/count_reg[8]        DFF_X2          NangateOpenCellLibrary_PDKv1_2_v2008_10_slow_nldm
                                                            4.7880  n
U1/U2/count_reg[9]        DFF_X2          NangateOpenCellLibrary_PDKv1_2_v2008_10_slow_nldm
                                                            4.7880  n
U1/U2/count_reg[10]       DFF_X2          NangateOpenCellLibrary_PDKv1_2_v2008_10_slow_nldm
                                                            4.7880  n
U1/U2/count_reg[11]       DFF_X2          NangateOpenCellLibrary_PDKv1_2_v2008_10_slow_nldm
                                                            4.7880  n
U1/U2/count_reg[12]       DFF_X2          NangateOpenCellLibrary_PDKv1_2_v2008_10_slow_nldm
                                                            4.7880  n
U2/U1/U1                  ECE564MyDesign_DW02_mult_3_stage_1
                                                          1337.1820 BO, h, n
U2/U2/add_20              ECE564MyDesign_DW01_add_2       131.9360  BO, h
U2/U2/sum_reg[0]          DFF_X1          NangateOpenCellLibrary_PDKv1_2_v2008_10_slow_nldm
                                                            4.7880  n
U2/U2/sum_reg[1]          DFF_X1          NangateOpenCellLibrary_PDKv1_2_v2008_10_slow_nldm
                                                            4.7880  n
U2/U2/sum_reg[2]          DFF_X1          NangateOpenCellLibrary_PDKv1_2_v2008_10_slow_nldm
                                                            4.7880  n
U2/U2/sum_reg[3]          DFF_X1          NangateOpenCellLibrary_PDKv1_2_v2008_10_slow_nldm
                                                            4.7880  n
U2/U2/sum_reg[4]          DFF_X1          NangateOpenCellLibrary_PDKv1_2_v2008_10_slow_nldm
                                                            4.7880  n
U2/U2/sum_reg[5]          DFF_X1          NangateOpenCellLibrary_PDKv1_2_v2008_10_slow_nldm
                                                            4.7880  n
U2/U2/sum_reg[6]          DFF_X1          NangateOpenCellLibrary_PDKv1_2_v2008_10_slow_nldm
                                                            4.7880  n
U2/U2/sum_reg[7]          DFF_X1          NangateOpenCellLibrary_PDKv1_2_v2008_10_slow_nldm
                                                            4.7880  n
U2/U2/sum_reg[8]          DFF_X1          NangateOpenCellLibrary_PDKv1_2_v2008_10_slow_nldm
                                                            4.7880  n
U2/U2/sum_reg[9]          DFF_X1          NangateOpenCellLibrary_PDKv1_2_v2008_10_slow_nldm
                                                            4.7880  n
U2/U2/sum_reg[10]         DFF_X1          NangateOpenCellLibrary_PDKv1_2_v2008_10_slow_nldm
                                                            4.7880  n
U2/U2/sum_reg[11]         DFF_X1          NangateOpenCellLibrary_PDKv1_2_v2008_10_slow_nldm
                                                            4.7880  n
U2/U2/sum_reg[12]         DFF_X1          NangateOpenCellLibrary_PDKv1_2_v2008_10_slow_nldm
                                                            4.7880  n
U2/U2/sum_reg[13]         DFF_X1          NangateOpenCellLibrary_PDKv1_2_v2008_10_slow_nldm
                                                            4.7880  n
U2/U2/sum_reg[14]         DFF_X1          NangateOpenCellLibrary_PDKv1_2_v2008_10_slow_nldm
                                                            4.7880  n
U2/U2/sum_reg[15]         DFF_X1          NangateOpenCellLibrary_PDKv1_2_v2008_10_slow_nldm
                                                            4.7880  n
U2/U2/sum_reg[16]         DFF_X1          NangateOpenCellLibrary_PDKv1_2_v2008_10_slow_nldm
                                                            4.7880  n
U2/U2/sum_reg[17]         DFF_X1          NangateOpenCellLibrary_PDKv1_2_v2008_10_slow_nldm
                                                            4.7880  n
U2/U2/sum_reg[18]         DFF_X1          NangateOpenCellLibrary_PDKv1_2_v2008_10_slow_nldm
                                                            4.7880  n
U2/U2/sum_reg[19]         DFF_X1          NangateOpenCellLibrary_PDKv1_2_v2008_10_slow_nldm
                                                            4.7880  n
U2/U3/ai_reg[0]           DFF_X2          NangateOpenCellLibrary_PDKv1_2_v2008_10_slow_nldm
                                                            4.7880  n
U2/U3/ai_reg[1]           DFF_X2          NangateOpenCellLibrary_PDKv1_2_v2008_10_slow_nldm
                                                            4.7880  n
U2/U3/ai_reg[2]           DFF_X2          NangateOpenCellLibrary_PDKv1_2_v2008_10_slow_nldm
                                                            4.7880  n
U2/U3/ai_reg[3]           DFF_X2          NangateOpenCellLibrary_PDKv1_2_v2008_10_slow_nldm
                                                            4.7880  n
U2/U3/ai_reg[4]           DFF_X2          NangateOpenCellLibrary_PDKv1_2_v2008_10_slow_nldm
                                                            4.7880  n
U2/U3/ai_reg[5]           DFF_X2          NangateOpenCellLibrary_PDKv1_2_v2008_10_slow_nldm
                                                            4.7880  n
U2/U3/ai_reg[6]           DFF_X2          NangateOpenCellLibrary_PDKv1_2_v2008_10_slow_nldm
                                                            4.7880  n
U2/U3/ai_reg[7]           DFF_X2          NangateOpenCellLibrary_PDKv1_2_v2008_10_slow_nldm
                                                            4.7880  n
U2/U3/ai_reg[8]           DFF_X2          NangateOpenCellLibrary_PDKv1_2_v2008_10_slow_nldm
                                                            4.7880  n
U2/U3/ai_reg[9]           DFF_X2          NangateOpenCellLibrary_PDKv1_2_v2008_10_slow_nldm
                                                            4.7880  n
U2/U3/ai_reg[10]          DFF_X2          NangateOpenCellLibrary_PDKv1_2_v2008_10_slow_nldm
                                                            4.7880  n
U2/U3/ai_reg[11]          DFF_X2          NangateOpenCellLibrary_PDKv1_2_v2008_10_slow_nldm
                                                            4.7880  n
U2/U3/ai_reg[12]          DFF_X2          NangateOpenCellLibrary_PDKv1_2_v2008_10_slow_nldm
                                                            4.7880  n
U2/U3/ai_reg[13]          DFF_X2          NangateOpenCellLibrary_PDKv1_2_v2008_10_slow_nldm
                                                            4.7880  n
U2/U3/ai_reg[14]          DFF_X2          NangateOpenCellLibrary_PDKv1_2_v2008_10_slow_nldm
                                                            4.7880  n
U2/U3/ai_reg[15]          DFF_X2          NangateOpenCellLibrary_PDKv1_2_v2008_10_slow_nldm
                                                            4.7880  n
U2/U3/ai_reg[16]          DFF_X2          NangateOpenCellLibrary_PDKv1_2_v2008_10_slow_nldm
                                                            4.7880  n
U2/U3/ai_reg[17]          DFF_X2          NangateOpenCellLibrary_PDKv1_2_v2008_10_slow_nldm
                                                            4.7880  n
U2/U3/ai_reg[18]          DFF_X2          NangateOpenCellLibrary_PDKv1_2_v2008_10_slow_nldm
                                                            4.7880  n
U2/U3/ai_reg[19]          DFF_X2          NangateOpenCellLibrary_PDKv1_2_v2008_10_slow_nldm
                                                            4.7880  n
U3/U3/U1/add_9            ECE564MyDesign_DW01_inc_2        23.6740  BO, h
U3/U3/U3/x_difference_reg[0]
                          DFF_X2          NangateOpenCellLibrary_PDKv1_2_v2008_10_slow_nldm
                                                            4.7880  n
U3/U3/U3/x_difference_reg[1]
                          SDFF_X2         NangateOpenCellLibrary_PDKv1_2_v2008_10_slow_nldm
                                                            6.1180  n
U3/U3/U3/x_difference_reg[2]
                          SDFF_X2         NangateOpenCellLibrary_PDKv1_2_v2008_10_slow_nldm
                                                            6.1180  n
U3/U3/U3/x_difference_reg[3]
                          SDFF_X2         NangateOpenCellLibrary_PDKv1_2_v2008_10_slow_nldm
                                                            6.1180  n
U3/U3/U3/x_difference_reg[4]
                          SDFF_X2         NangateOpenCellLibrary_PDKv1_2_v2008_10_slow_nldm
                                                            6.1180  n
U3/U3/U3/x_difference_reg[5]
                          SDFF_X2         NangateOpenCellLibrary_PDKv1_2_v2008_10_slow_nldm
                                                            6.1180  n
U3/U3/U3/x_difference_reg[6]
                          SDFF_X2         NangateOpenCellLibrary_PDKv1_2_v2008_10_slow_nldm
                                                            6.1180  n
U3/U3/U3/x_difference_reg[7]
                          SDFF_X2         NangateOpenCellLibrary_PDKv1_2_v2008_10_slow_nldm
                                                            6.1180  n
U3/U3/U3/x_difference_reg[8]
                          SDFF_X2         NangateOpenCellLibrary_PDKv1_2_v2008_10_slow_nldm
                                                            6.1180  n
U3/U3/U3/x_difference_reg[9]
                          DFF_X1          NangateOpenCellLibrary_PDKv1_2_v2008_10_slow_nldm
                                                            4.7880  n
U3/U3/U4/U1               ECE564MyDesign_DW02_mult_3_stage_0
                                                          772.9960  BO, h, n
U3/U3/U5/add_21           ECE564MyDesign_DW01_add_3       105.8680  BO, h
U3/U3/U5/interpolation_reg[0]
                          DFF_X1          NangateOpenCellLibrary_PDKv1_2_v2008_10_slow_nldm
                                                            4.7880  n
U3/U3/U5/interpolation_reg[1]
                          DFF_X2          NangateOpenCellLibrary_PDKv1_2_v2008_10_slow_nldm
                                                            4.7880  n
U3/U3/U5/interpolation_reg[2]
                          DFF_X2          NangateOpenCellLibrary_PDKv1_2_v2008_10_slow_nldm
                                                            4.7880  n
U3/U3/U5/interpolation_reg[3]
                          DFF_X2          NangateOpenCellLibrary_PDKv1_2_v2008_10_slow_nldm
                                                            4.7880  n
U3/U3/U5/interpolation_reg[4]
                          DFF_X2          NangateOpenCellLibrary_PDKv1_2_v2008_10_slow_nldm
                                                            4.7880  n
U3/U3/U5/interpolation_reg[5]
                          DFF_X2          NangateOpenCellLibrary_PDKv1_2_v2008_10_slow_nldm
                                                            4.7880  n
U3/U3/U5/interpolation_reg[6]
                          DFF_X2          NangateOpenCellLibrary_PDKv1_2_v2008_10_slow_nldm
                                                            4.7880  n
U3/U3/U5/interpolation_reg[7]
                          DFF_X2          NangateOpenCellLibrary_PDKv1_2_v2008_10_slow_nldm
                                                            4.7880  n
U3/U3/U5/interpolation_reg[8]
                          DFF_X2          NangateOpenCellLibrary_PDKv1_2_v2008_10_slow_nldm
                                                            4.7880  n
U3/U3/U5/interpolation_reg[9]
                          DFF_X2          NangateOpenCellLibrary_PDKv1_2_v2008_10_slow_nldm
                                                            4.7880  n
U3/U3/U5/interpolation_reg[10]
                          DFF_X2          NangateOpenCellLibrary_PDKv1_2_v2008_10_slow_nldm
                                                            4.7880  n
U3/U3/U5/interpolation_reg[11]
                          DFF_X2          NangateOpenCellLibrary_PDKv1_2_v2008_10_slow_nldm
                                                            4.7880  n
U3/U3/U5/interpolation_reg[12]
                          DFF_X2          NangateOpenCellLibrary_PDKv1_2_v2008_10_slow_nldm
                                                            4.7880  n
U3/U3/U5/interpolation_reg[13]
                          DFF_X2          NangateOpenCellLibrary_PDKv1_2_v2008_10_slow_nldm
                                                            4.7880  n
U3/U3/U5/interpolation_reg[14]
                          DFF_X2          NangateOpenCellLibrary_PDKv1_2_v2008_10_slow_nldm
                                                            4.7880  n
U3/U3/U5/interpolation_reg[15]
                          DFF_X2          NangateOpenCellLibrary_PDKv1_2_v2008_10_slow_nldm
                                                            4.7880  n
U3/U3/U5/interpolation_reg[16]
                          DFF_X2          NangateOpenCellLibrary_PDKv1_2_v2008_10_slow_nldm
                                                            4.7880  n
U224                      NAND2_X4        NangateOpenCellLibrary_PDKv1_2_v2008_10_slow_nldm
                                                            1.3300  
U225                      NAND3_X2        NangateOpenCellLibrary_PDKv1_2_v2008_10_slow_nldm
                                                            1.0640  
U226                      NAND2_X2        NangateOpenCellLibrary_PDKv1_2_v2008_10_slow_nldm
                                                            0.7980  
U227                      AND2_X4         NangateOpenCellLibrary_PDKv1_2_v2008_10_slow_nldm
                                                            1.0640  
U228                      NAND2_X2        NangateOpenCellLibrary_PDKv1_2_v2008_10_slow_nldm
                                                            0.7980  
U229                      AND2_X4         NangateOpenCellLibrary_PDKv1_2_v2008_10_slow_nldm
                                                            1.0640  
U230                      NOR2_X2         NangateOpenCellLibrary_PDKv1_2_v2008_10_slow_nldm
                                                            0.7980  
U231                      NAND3_X2        NangateOpenCellLibrary_PDKv1_2_v2008_10_slow_nldm
                                                            1.0640  
U232                      NAND2_X2        NangateOpenCellLibrary_PDKv1_2_v2008_10_slow_nldm
                                                            0.7980  
U233                      BUF_X4          NangateOpenCellLibrary_PDKv1_2_v2008_10_slow_nldm
                                                            0.7980  
U234                      OAI221_X1       NangateOpenCellLibrary_PDKv1_2_v2008_10_slow_nldm
                                                            1.5960  
U235                      BUF_X4          NangateOpenCellLibrary_PDKv1_2_v2008_10_slow_nldm
                                                            0.7980  
U236                      OAI221_X1       NangateOpenCellLibrary_PDKv1_2_v2008_10_slow_nldm
                                                            1.5960  
U237                      BUF_X4          NangateOpenCellLibrary_PDKv1_2_v2008_10_slow_nldm
                                                            0.7980  
U238                      OAI221_X1       NangateOpenCellLibrary_PDKv1_2_v2008_10_slow_nldm
                                                            1.5960  
U239                      BUF_X4          NangateOpenCellLibrary_PDKv1_2_v2008_10_slow_nldm
                                                            0.7980  
U240                      OAI221_X1       NangateOpenCellLibrary_PDKv1_2_v2008_10_slow_nldm
                                                            1.5960  
U241                      NOR3_X1         NangateOpenCellLibrary_PDKv1_2_v2008_10_slow_nldm
                                                            1.0640  
U242                      BUF_X4          NangateOpenCellLibrary_PDKv1_2_v2008_10_slow_nldm
                                                            0.7980  
U243                      OAI221_X1       NangateOpenCellLibrary_PDKv1_2_v2008_10_slow_nldm
                                                            1.5960  
U244                      AND2_X4         NangateOpenCellLibrary_PDKv1_2_v2008_10_slow_nldm
                                                            1.0640  
U245                      AND2_X4         NangateOpenCellLibrary_PDKv1_2_v2008_10_slow_nldm
                                                            1.0640  
U246                      AND2_X4         NangateOpenCellLibrary_PDKv1_2_v2008_10_slow_nldm
                                                            1.0640  
U247                      AND3_X4         NangateOpenCellLibrary_PDKv1_2_v2008_10_slow_nldm
                                                            1.3300  
U248                      AND2_X4         NangateOpenCellLibrary_PDKv1_2_v2008_10_slow_nldm
                                                            1.0640  
U249                      AND2_X4         NangateOpenCellLibrary_PDKv1_2_v2008_10_slow_nldm
                                                            1.0640  
U250                      AND2_X4         NangateOpenCellLibrary_PDKv1_2_v2008_10_slow_nldm
                                                            1.0640  
U251                      AND2_X4         NangateOpenCellLibrary_PDKv1_2_v2008_10_slow_nldm
                                                            1.0640  
U252                      AND3_X4         NangateOpenCellLibrary_PDKv1_2_v2008_10_slow_nldm
                                                            1.3300  
U253                      NOR2_X2         NangateOpenCellLibrary_PDKv1_2_v2008_10_slow_nldm
                                                            0.7980  
U254                      OR2_X4          NangateOpenCellLibrary_PDKv1_2_v2008_10_slow_nldm
                                                            1.0640  
U256                      NAND4_X2        NangateOpenCellLibrary_PDKv1_2_v2008_10_slow_nldm
                                                            1.3300  
U257                      MUX2_X1         NangateOpenCellLibrary_PDKv1_2_v2008_10_slow_nldm
                                                            1.8620  
U258                      NOR2_X2         NangateOpenCellLibrary_PDKv1_2_v2008_10_slow_nldm
                                                            0.7980  
U259                      NAND2_X2        NangateOpenCellLibrary_PDKv1_2_v2008_10_slow_nldm
                                                            0.7980  
U260                      NAND3_X2        NangateOpenCellLibrary_PDKv1_2_v2008_10_slow_nldm
                                                            1.0640  
U261                      MUX2_X2         NangateOpenCellLibrary_PDKv1_2_v2008_10_slow_nldm
                                                            1.8620  
U262                      INV_X4          NangateOpenCellLibrary_PDKv1_2_v2008_10_slow_nldm
                                                            0.5320  
U263                      INV_X4          NangateOpenCellLibrary_PDKv1_2_v2008_10_slow_nldm
                                                            0.5320  
U264                      AND2_X4         NangateOpenCellLibrary_PDKv1_2_v2008_10_slow_nldm
                                                            1.0640  
U265                      OAI21_X2        NangateOpenCellLibrary_PDKv1_2_v2008_10_slow_nldm
                                                            1.0640  
U266                      OAI21_X2        NangateOpenCellLibrary_PDKv1_2_v2008_10_slow_nldm
                                                            1.0640  
U267                      NOR2_X2         NangateOpenCellLibrary_PDKv1_2_v2008_10_slow_nldm
                                                            0.7980  
U268                      NAND2_X1        NangateOpenCellLibrary_PDKv1_2_v2008_10_slow_nldm
                                                            0.7980  
U269                      INV_X1          NangateOpenCellLibrary_PDKv1_2_v2008_10_slow_nldm
                                                            0.5320  
U270                      BUF_X4          NangateOpenCellLibrary_PDKv1_2_v2008_10_slow_nldm
                                                            0.7980  
U271                      INV_X1          NangateOpenCellLibrary_PDKv1_2_v2008_10_slow_nldm
                                                            0.5320  
U272                      AND2_X1         NangateOpenCellLibrary_PDKv1_2_v2008_10_slow_nldm
                                                            1.0640  
U273                      AND2_X1         NangateOpenCellLibrary_PDKv1_2_v2008_10_slow_nldm
                                                            1.0640  
U274                      NAND2_X1        NangateOpenCellLibrary_PDKv1_2_v2008_10_slow_nldm
                                                            0.7980  
U275                      NAND2_X1        NangateOpenCellLibrary_PDKv1_2_v2008_10_slow_nldm
                                                            0.7980  
U276                      NAND2_X2        NangateOpenCellLibrary_PDKv1_2_v2008_10_slow_nldm
                                                            0.7980  
U277                      AND2_X4         NangateOpenCellLibrary_PDKv1_2_v2008_10_slow_nldm
                                                            1.0640  
U278                      INV_X2          NangateOpenCellLibrary_PDKv1_2_v2008_10_slow_nldm
                                                            0.5320  
U279                      INV_X1          NangateOpenCellLibrary_PDKv1_2_v2008_10_slow_nldm
                                                            0.5320  
U280                      NOR2_X2         NangateOpenCellLibrary_PDKv1_2_v2008_10_slow_nldm
                                                            0.7980  
U281                      NAND2_X2        NangateOpenCellLibrary_PDKv1_2_v2008_10_slow_nldm
                                                            0.7980  
U282                      NOR2_X2         NangateOpenCellLibrary_PDKv1_2_v2008_10_slow_nldm
                                                            0.7980  
U283                      NAND2_X1        NangateOpenCellLibrary_PDKv1_2_v2008_10_slow_nldm
                                                            0.7980  
U284                      OR2_X1          NangateOpenCellLibrary_PDKv1_2_v2008_10_slow_nldm
                                                            1.0640  
U285                      AND2_X1         NangateOpenCellLibrary_PDKv1_2_v2008_10_slow_nldm
                                                            1.0640  
U286                      AND2_X4         NangateOpenCellLibrary_PDKv1_2_v2008_10_slow_nldm
                                                            1.0640  
U287                      NAND2_X4        NangateOpenCellLibrary_PDKv1_2_v2008_10_slow_nldm
                                                            1.3300  
U288                      NOR2_X1         NangateOpenCellLibrary_PDKv1_2_v2008_10_slow_nldm
                                                            0.7980  
U289                      NOR2_X2         NangateOpenCellLibrary_PDKv1_2_v2008_10_slow_nldm
                                                            0.7980  
U290                      OR2_X4          NangateOpenCellLibrary_PDKv1_2_v2008_10_slow_nldm
                                                            1.0640  
U291                      INV_X2          NangateOpenCellLibrary_PDKv1_2_v2008_10_slow_nldm
                                                            0.5320  
U292                      NAND2_X1        NangateOpenCellLibrary_PDKv1_2_v2008_10_slow_nldm
                                                            0.7980  
U293                      NAND2_X2        NangateOpenCellLibrary_PDKv1_2_v2008_10_slow_nldm
                                                            0.7980  
U294                      NAND2_X2        NangateOpenCellLibrary_PDKv1_2_v2008_10_slow_nldm
                                                            0.7980  
U295                      OR2_X1          NangateOpenCellLibrary_PDKv1_2_v2008_10_slow_nldm
                                                            1.0640  
U296                      OR2_X1          NangateOpenCellLibrary_PDKv1_2_v2008_10_slow_nldm
                                                            1.0640  
U297                      AND2_X4         NangateOpenCellLibrary_PDKv1_2_v2008_10_slow_nldm
                                                            1.0640  
U298                      AND2_X2         NangateOpenCellLibrary_PDKv1_2_v2008_10_slow_nldm
                                                            1.0640  
U299                      AND2_X2         NangateOpenCellLibrary_PDKv1_2_v2008_10_slow_nldm
                                                            1.0640  
U300                      INV_X1          NangateOpenCellLibrary_PDKv1_2_v2008_10_slow_nldm
                                                            0.5320  
U301                      AND2_X2         NangateOpenCellLibrary_PDKv1_2_v2008_10_slow_nldm
                                                            1.0640  
U302                      AND2_X2         NangateOpenCellLibrary_PDKv1_2_v2008_10_slow_nldm
                                                            1.0640  
U303                      AND2_X2         NangateOpenCellLibrary_PDKv1_2_v2008_10_slow_nldm
                                                            1.0640  
U304                      AND2_X2         NangateOpenCellLibrary_PDKv1_2_v2008_10_slow_nldm
                                                            1.0640  
U305                      AND2_X2         NangateOpenCellLibrary_PDKv1_2_v2008_10_slow_nldm
                                                            1.0640  
U306                      AND2_X2         NangateOpenCellLibrary_PDKv1_2_v2008_10_slow_nldm
                                                            1.0640  
U307                      XOR2_X1         NangateOpenCellLibrary_PDKv1_2_v2008_10_slow_nldm
                                                            1.5960  
U308                      XNOR2_X1        NangateOpenCellLibrary_PDKv1_2_v2008_10_slow_nldm
                                                            1.5960  
U309                      XNOR2_X1        NangateOpenCellLibrary_PDKv1_2_v2008_10_slow_nldm
                                                            1.5960  
U310                      AND2_X4         NangateOpenCellLibrary_PDKv1_2_v2008_10_slow_nldm
                                                            1.0640  
U311                      AND2_X1         NangateOpenCellLibrary_PDKv1_2_v2008_10_slow_nldm
                                                            1.0640  
U312                      OR2_X1          NangateOpenCellLibrary_PDKv1_2_v2008_10_slow_nldm
                                                            1.0640  
U313                      NAND2_X2        NangateOpenCellLibrary_PDKv1_2_v2008_10_slow_nldm
                                                            0.7980  
U314                      NAND2_X1        NangateOpenCellLibrary_PDKv1_2_v2008_10_slow_nldm
                                                            0.7980  
U315                      NAND2_X2        NangateOpenCellLibrary_PDKv1_2_v2008_10_slow_nldm
                                                            0.7980  
U316                      INV_X1          NangateOpenCellLibrary_PDKv1_2_v2008_10_slow_nldm
                                                            0.5320  
U317                      INV_X4          NangateOpenCellLibrary_PDKv1_2_v2008_10_slow_nldm
                                                            0.5320  
U318                      MUX2_X2         NangateOpenCellLibrary_PDKv1_2_v2008_10_slow_nldm
                                                            1.8620  
U319                      OR2_X1          NangateOpenCellLibrary_PDKv1_2_v2008_10_slow_nldm
                                                            1.0640  
U320                      NAND2_X2        NangateOpenCellLibrary_PDKv1_2_v2008_10_slow_nldm
                                                            0.7980  
U321                      OR2_X1          NangateOpenCellLibrary_PDKv1_2_v2008_10_slow_nldm
                                                            1.0640  
U322                      OR2_X1          NangateOpenCellLibrary_PDKv1_2_v2008_10_slow_nldm
                                                            1.0640  
U323                      AND2_X1         NangateOpenCellLibrary_PDKv1_2_v2008_10_slow_nldm
                                                            1.0640  
U324                      AND2_X1         NangateOpenCellLibrary_PDKv1_2_v2008_10_slow_nldm
                                                            1.0640  
U325                      AND2_X1         NangateOpenCellLibrary_PDKv1_2_v2008_10_slow_nldm
                                                            1.0640  
U326                      AND2_X1         NangateOpenCellLibrary_PDKv1_2_v2008_10_slow_nldm
                                                            1.0640  
U327                      INV_X4          NangateOpenCellLibrary_PDKv1_2_v2008_10_slow_nldm
                                                            0.5320  
U328                      INV_X4          NangateOpenCellLibrary_PDKv1_2_v2008_10_slow_nldm
                                                            0.5320  
U329                      BUF_X4          NangateOpenCellLibrary_PDKv1_2_v2008_10_slow_nldm
                                                            0.7980  
U330                      BUF_X4          NangateOpenCellLibrary_PDKv1_2_v2008_10_slow_nldm
                                                            0.7980  
U331                      INV_X4          NangateOpenCellLibrary_PDKv1_2_v2008_10_slow_nldm
                                                            0.5320  
U332                      INV_X4          NangateOpenCellLibrary_PDKv1_2_v2008_10_slow_nldm
                                                            0.5320  
U333                      OAI221_X1       NangateOpenCellLibrary_PDKv1_2_v2008_10_slow_nldm
                                                            1.5960  
U334                      INV_X4          NangateOpenCellLibrary_PDKv1_2_v2008_10_slow_nldm
                                                            0.5320  
U335                      INV_X4          NangateOpenCellLibrary_PDKv1_2_v2008_10_slow_nldm
                                                            0.5320  
U336                      OAI221_X1       NangateOpenCellLibrary_PDKv1_2_v2008_10_slow_nldm
                                                            1.5960  
U337                      NOR2_X1         NangateOpenCellLibrary_PDKv1_2_v2008_10_slow_nldm
                                                            0.7980  
U338                      NAND2_X2        NangateOpenCellLibrary_PDKv1_2_v2008_10_slow_nldm
                                                            0.7980  
U339                      MUX2_X2         NangateOpenCellLibrary_PDKv1_2_v2008_10_slow_nldm
                                                            1.8620  
U340                      INV_X4          NangateOpenCellLibrary_PDKv1_2_v2008_10_slow_nldm
                                                            0.5320  
U341                      XNOR2_X1        NangateOpenCellLibrary_PDKv1_2_v2008_10_slow_nldm
                                                            1.5960  
U342                      XNOR2_X1        NangateOpenCellLibrary_PDKv1_2_v2008_10_slow_nldm
                                                            1.5960  
U343                      XOR2_X1         NangateOpenCellLibrary_PDKv1_2_v2008_10_slow_nldm
                                                            1.5960  
U344                      MUX2_X2         NangateOpenCellLibrary_PDKv1_2_v2008_10_slow_nldm
                                                            1.8620  
U345                      XNOR2_X2        NangateOpenCellLibrary_PDKv1_2_v2008_10_slow_nldm
                                                            1.5960  
U346                      INV_X2          NangateOpenCellLibrary_PDKv1_2_v2008_10_slow_nldm
                                                            0.5320  
U347                      XOR2_X1         NangateOpenCellLibrary_PDKv1_2_v2008_10_slow_nldm
                                                            1.5960  
U348                      INV_X4          NangateOpenCellLibrary_PDKv1_2_v2008_10_slow_nldm
                                                            0.5320  
U349                      INV_X1          NangateOpenCellLibrary_PDKv1_2_v2008_10_slow_nldm
                                                            0.5320  
U350                      NAND2_X2        NangateOpenCellLibrary_PDKv1_2_v2008_10_slow_nldm
                                                            0.7980  
U351                      XOR2_X1         NangateOpenCellLibrary_PDKv1_2_v2008_10_slow_nldm
                                                            1.5960  
U352                      XOR2_X1         NangateOpenCellLibrary_PDKv1_2_v2008_10_slow_nldm
                                                            1.5960  
U353                      NAND3_X2        NangateOpenCellLibrary_PDKv1_2_v2008_10_slow_nldm
                                                            1.0640  
U354                      XOR2_X1         NangateOpenCellLibrary_PDKv1_2_v2008_10_slow_nldm
                                                            1.5960  
U355                      INV_X1          NangateOpenCellLibrary_PDKv1_2_v2008_10_slow_nldm
                                                            0.5320  
U356                      INV_X2          NangateOpenCellLibrary_PDKv1_2_v2008_10_slow_nldm
                                                            0.5320  
U357                      INV_X2          NangateOpenCellLibrary_PDKv1_2_v2008_10_slow_nldm
                                                            0.5320  
U358                      INV_X2          NangateOpenCellLibrary_PDKv1_2_v2008_10_slow_nldm
                                                            0.5320  
U359                      AND2_X1         NangateOpenCellLibrary_PDKv1_2_v2008_10_slow_nldm
                                                            1.0640  
U360                      AND2_X1         NangateOpenCellLibrary_PDKv1_2_v2008_10_slow_nldm
                                                            1.0640  
U361                      AND2_X1         NangateOpenCellLibrary_PDKv1_2_v2008_10_slow_nldm
                                                            1.0640  
U362                      INV_X4          NangateOpenCellLibrary_PDKv1_2_v2008_10_slow_nldm
                                                            0.5320  
U363                      NAND3_X2        NangateOpenCellLibrary_PDKv1_2_v2008_10_slow_nldm
                                                            1.0640  
U364                      MUX2_X2         NangateOpenCellLibrary_PDKv1_2_v2008_10_slow_nldm
                                                            1.8620  
U365                      AND2_X1         NangateOpenCellLibrary_PDKv1_2_v2008_10_slow_nldm
                                                            1.0640  
U366                      AND2_X1         NangateOpenCellLibrary_PDKv1_2_v2008_10_slow_nldm
                                                            1.0640  
U367                      AND2_X1         NangateOpenCellLibrary_PDKv1_2_v2008_10_slow_nldm
                                                            1.0640  
U368                      AND2_X1         NangateOpenCellLibrary_PDKv1_2_v2008_10_slow_nldm
                                                            1.0640  
U369                      AND2_X1         NangateOpenCellLibrary_PDKv1_2_v2008_10_slow_nldm
                                                            1.0640  
U370                      AND2_X1         NangateOpenCellLibrary_PDKv1_2_v2008_10_slow_nldm
                                                            1.0640  
U371                      AND2_X1         NangateOpenCellLibrary_PDKv1_2_v2008_10_slow_nldm
                                                            1.0640  
U372                      AND2_X1         NangateOpenCellLibrary_PDKv1_2_v2008_10_slow_nldm
                                                            1.0640  
U373                      AND2_X1         NangateOpenCellLibrary_PDKv1_2_v2008_10_slow_nldm
                                                            1.0640  
U374                      AND2_X1         NangateOpenCellLibrary_PDKv1_2_v2008_10_slow_nldm
                                                            1.0640  
U375                      INV_X4          NangateOpenCellLibrary_PDKv1_2_v2008_10_slow_nldm
                                                            0.5320  
U376                      NAND3_X2        NangateOpenCellLibrary_PDKv1_2_v2008_10_slow_nldm
                                                            1.0640  
U377                      INV_X4          NangateOpenCellLibrary_PDKv1_2_v2008_10_slow_nldm
                                                            0.5320  
U378                      NOR2_X2         NangateOpenCellLibrary_PDKv1_2_v2008_10_slow_nldm
                                                            0.7980  
U379                      NOR2_X2         NangateOpenCellLibrary_PDKv1_2_v2008_10_slow_nldm
                                                            0.7980  
U380                      NOR2_X2         NangateOpenCellLibrary_PDKv1_2_v2008_10_slow_nldm
                                                            0.7980  
U381                      NOR2_X2         NangateOpenCellLibrary_PDKv1_2_v2008_10_slow_nldm
                                                            0.7980  
U382                      NOR2_X2         NangateOpenCellLibrary_PDKv1_2_v2008_10_slow_nldm
                                                            0.7980  
U383                      NOR2_X2         NangateOpenCellLibrary_PDKv1_2_v2008_10_slow_nldm
                                                            0.7980  
U384                      NOR2_X2         NangateOpenCellLibrary_PDKv1_2_v2008_10_slow_nldm
                                                            0.7980  
U385                      NOR2_X2         NangateOpenCellLibrary_PDKv1_2_v2008_10_slow_nldm
                                                            0.7980  
U386                      NOR2_X2         NangateOpenCellLibrary_PDKv1_2_v2008_10_slow_nldm
                                                            0.7980  
U387                      NOR2_X2         NangateOpenCellLibrary_PDKv1_2_v2008_10_slow_nldm
                                                            0.7980  
U388                      NOR2_X2         NangateOpenCellLibrary_PDKv1_2_v2008_10_slow_nldm
                                                            0.7980  
U389                      NOR2_X2         NangateOpenCellLibrary_PDKv1_2_v2008_10_slow_nldm
                                                            0.7980  
U390                      NOR2_X2         NangateOpenCellLibrary_PDKv1_2_v2008_10_slow_nldm
                                                            0.7980  
U391                      NOR2_X2         NangateOpenCellLibrary_PDKv1_2_v2008_10_slow_nldm
                                                            0.7980  
U392                      NOR2_X2         NangateOpenCellLibrary_PDKv1_2_v2008_10_slow_nldm
                                                            0.7980  
U393                      NOR2_X2         NangateOpenCellLibrary_PDKv1_2_v2008_10_slow_nldm
                                                            0.7980  
U394                      NOR2_X2         NangateOpenCellLibrary_PDKv1_2_v2008_10_slow_nldm
                                                            0.7980  
U395                      NOR2_X2         NangateOpenCellLibrary_PDKv1_2_v2008_10_slow_nldm
                                                            0.7980  
U396                      NOR2_X2         NangateOpenCellLibrary_PDKv1_2_v2008_10_slow_nldm
                                                            0.7980  
U397                      NOR2_X2         NangateOpenCellLibrary_PDKv1_2_v2008_10_slow_nldm
                                                            0.7980  
U398                      MUX2_X2         NangateOpenCellLibrary_PDKv1_2_v2008_10_slow_nldm
                                                            1.8620  
U399                      MUX2_X2         NangateOpenCellLibrary_PDKv1_2_v2008_10_slow_nldm
                                                            1.8620  
U400                      MUX2_X2         NangateOpenCellLibrary_PDKv1_2_v2008_10_slow_nldm
                                                            1.8620  
U401                      NAND4_X2        NangateOpenCellLibrary_PDKv1_2_v2008_10_slow_nldm
                                                            1.3300  
U402                      MUX2_X2         NangateOpenCellLibrary_PDKv1_2_v2008_10_slow_nldm
                                                            1.8620  
U403                      MUX2_X2         NangateOpenCellLibrary_PDKv1_2_v2008_10_slow_nldm
                                                            1.8620  
U404                      INV_X4          NangateOpenCellLibrary_PDKv1_2_v2008_10_slow_nldm
                                                            0.5320  
U405                      INV_X4          NangateOpenCellLibrary_PDKv1_2_v2008_10_slow_nldm
                                                            0.5320  
U406                      XOR2_X2         NangateOpenCellLibrary_PDKv1_2_v2008_10_slow_nldm
                                                            1.5960  
U407                      MUX2_X2         NangateOpenCellLibrary_PDKv1_2_v2008_10_slow_nldm
                                                            1.8620  
U408                      MUX2_X2         NangateOpenCellLibrary_PDKv1_2_v2008_10_slow_nldm
                                                            1.8620  
U409                      INV_X4          NangateOpenCellLibrary_PDKv1_2_v2008_10_slow_nldm
                                                            0.5320  
U410                      NOR2_X2         NangateOpenCellLibrary_PDKv1_2_v2008_10_slow_nldm
                                                            0.7980  
U411                      XOR2_X2         NangateOpenCellLibrary_PDKv1_2_v2008_10_slow_nldm
                                                            1.5960  
U412                      MUX2_X2         NangateOpenCellLibrary_PDKv1_2_v2008_10_slow_nldm
                                                            1.8620  
U413                      XOR2_X2         NangateOpenCellLibrary_PDKv1_2_v2008_10_slow_nldm
                                                            1.5960  
U414                      MUX2_X2         NangateOpenCellLibrary_PDKv1_2_v2008_10_slow_nldm
                                                            1.8620  
U415                      INV_X4          NangateOpenCellLibrary_PDKv1_2_v2008_10_slow_nldm
                                                            0.5320  
U416                      XOR2_X2         NangateOpenCellLibrary_PDKv1_2_v2008_10_slow_nldm
                                                            1.5960  
U417                      MUX2_X2         NangateOpenCellLibrary_PDKv1_2_v2008_10_slow_nldm
                                                            1.8620  
U418                      XOR2_X2         NangateOpenCellLibrary_PDKv1_2_v2008_10_slow_nldm
                                                            1.5960  
U419                      MUX2_X2         NangateOpenCellLibrary_PDKv1_2_v2008_10_slow_nldm
                                                            1.8620  
U420                      INV_X4          NangateOpenCellLibrary_PDKv1_2_v2008_10_slow_nldm
                                                            0.5320  
U421                      XOR2_X2         NangateOpenCellLibrary_PDKv1_2_v2008_10_slow_nldm
                                                            1.5960  
U422                      MUX2_X2         NangateOpenCellLibrary_PDKv1_2_v2008_10_slow_nldm
                                                            1.8620  
U423                      INV_X4          NangateOpenCellLibrary_PDKv1_2_v2008_10_slow_nldm
                                                            0.5320  
U424                      NAND2_X2        NangateOpenCellLibrary_PDKv1_2_v2008_10_slow_nldm
                                                            0.7980  
U425                      XOR2_X2         NangateOpenCellLibrary_PDKv1_2_v2008_10_slow_nldm
                                                            1.5960  
U426                      MUX2_X2         NangateOpenCellLibrary_PDKv1_2_v2008_10_slow_nldm
                                                            1.8620  
U427                      INV_X4          NangateOpenCellLibrary_PDKv1_2_v2008_10_slow_nldm
                                                            0.5320  
U428                      XOR2_X2         NangateOpenCellLibrary_PDKv1_2_v2008_10_slow_nldm
                                                            1.5960  
U429                      NOR2_X2         NangateOpenCellLibrary_PDKv1_2_v2008_10_slow_nldm
                                                            0.7980  
U430                      XNOR2_X2        NangateOpenCellLibrary_PDKv1_2_v2008_10_slow_nldm
                                                            1.5960  
U431                      MUX2_X2         NangateOpenCellLibrary_PDKv1_2_v2008_10_slow_nldm
                                                            1.8620  
U432                      INV_X4          NangateOpenCellLibrary_PDKv1_2_v2008_10_slow_nldm
                                                            0.5320  
U433                      XOR2_X2         NangateOpenCellLibrary_PDKv1_2_v2008_10_slow_nldm
                                                            1.5960  
U434                      MUX2_X2         NangateOpenCellLibrary_PDKv1_2_v2008_10_slow_nldm
                                                            1.8620  
U435                      MUX2_X2         NangateOpenCellLibrary_PDKv1_2_v2008_10_slow_nldm
                                                            1.8620  
U436                      INV_X4          NangateOpenCellLibrary_PDKv1_2_v2008_10_slow_nldm
                                                            0.5320  
U437                      XOR2_X2         NangateOpenCellLibrary_PDKv1_2_v2008_10_slow_nldm
                                                            1.5960  
U438                      MUX2_X2         NangateOpenCellLibrary_PDKv1_2_v2008_10_slow_nldm
                                                            1.8620  
U439                      NAND2_X2        NangateOpenCellLibrary_PDKv1_2_v2008_10_slow_nldm
                                                            0.7980  
U440                      INV_X4          NangateOpenCellLibrary_PDKv1_2_v2008_10_slow_nldm
                                                            0.5320  
U441                      MUX2_X2         NangateOpenCellLibrary_PDKv1_2_v2008_10_slow_nldm
                                                            1.8620  
U442                      INV_X4          NangateOpenCellLibrary_PDKv1_2_v2008_10_slow_nldm
                                                            0.5320  
U443                      XOR2_X2         NangateOpenCellLibrary_PDKv1_2_v2008_10_slow_nldm
                                                            1.5960  
U444                      NOR3_X2         NangateOpenCellLibrary_PDKv1_2_v2008_10_slow_nldm
                                                            1.0640  
U445                      NAND2_X2        NangateOpenCellLibrary_PDKv1_2_v2008_10_slow_nldm
                                                            0.7980  
U446                      INV_X4          NangateOpenCellLibrary_PDKv1_2_v2008_10_slow_nldm
                                                            0.5320  
U447                      MUX2_X2         NangateOpenCellLibrary_PDKv1_2_v2008_10_slow_nldm
                                                            1.8620  
U448                      MUX2_X2         NangateOpenCellLibrary_PDKv1_2_v2008_10_slow_nldm
                                                            1.8620  
U449                      MUX2_X2         NangateOpenCellLibrary_PDKv1_2_v2008_10_slow_nldm
                                                            1.8620  
U450                      MUX2_X2         NangateOpenCellLibrary_PDKv1_2_v2008_10_slow_nldm
                                                            1.8620  
U451                      MUX2_X2         NangateOpenCellLibrary_PDKv1_2_v2008_10_slow_nldm
                                                            1.8620  
U452                      MUX2_X2         NangateOpenCellLibrary_PDKv1_2_v2008_10_slow_nldm
                                                            1.8620  
U453                      MUX2_X2         NangateOpenCellLibrary_PDKv1_2_v2008_10_slow_nldm
                                                            1.8620  
U454                      MUX2_X2         NangateOpenCellLibrary_PDKv1_2_v2008_10_slow_nldm
                                                            1.8620  
U455                      MUX2_X2         NangateOpenCellLibrary_PDKv1_2_v2008_10_slow_nldm
                                                            1.8620  
U456                      NAND2_X2        NangateOpenCellLibrary_PDKv1_2_v2008_10_slow_nldm
                                                            0.7980  
U457                      MUX2_X2         NangateOpenCellLibrary_PDKv1_2_v2008_10_slow_nldm
                                                            1.8620  
U458                      MUX2_X2         NangateOpenCellLibrary_PDKv1_2_v2008_10_slow_nldm
                                                            1.8620  
U459                      MUX2_X2         NangateOpenCellLibrary_PDKv1_2_v2008_10_slow_nldm
                                                            1.8620  
U460                      MUX2_X2         NangateOpenCellLibrary_PDKv1_2_v2008_10_slow_nldm
                                                            1.8620  
U461                      MUX2_X2         NangateOpenCellLibrary_PDKv1_2_v2008_10_slow_nldm
                                                            1.8620  
U462                      MUX2_X2         NangateOpenCellLibrary_PDKv1_2_v2008_10_slow_nldm
                                                            1.8620  
U463                      MUX2_X2         NangateOpenCellLibrary_PDKv1_2_v2008_10_slow_nldm
                                                            1.8620  
U464                      MUX2_X2         NangateOpenCellLibrary_PDKv1_2_v2008_10_slow_nldm
                                                            1.8620  
U465                      MUX2_X2         NangateOpenCellLibrary_PDKv1_2_v2008_10_slow_nldm
                                                            1.8620  
U466                      MUX2_X2         NangateOpenCellLibrary_PDKv1_2_v2008_10_slow_nldm
                                                            1.8620  
U467                      INV_X4          NangateOpenCellLibrary_PDKv1_2_v2008_10_slow_nldm
                                                            0.5320  
U468                      INV_X4          NangateOpenCellLibrary_PDKv1_2_v2008_10_slow_nldm
                                                            0.5320  
U469                      OAI22_X2        NangateOpenCellLibrary_PDKv1_2_v2008_10_slow_nldm
                                                            1.3300  
U470                      AND3_X2         NangateOpenCellLibrary_PDKv1_2_v2008_10_slow_nldm
                                                            1.3300  
U471                      AND4_X2         NangateOpenCellLibrary_PDKv1_2_v2008_10_slow_nldm
                                                            1.5960  
U472                      NAND4_X2        NangateOpenCellLibrary_PDKv1_2_v2008_10_slow_nldm
                                                            1.3300  
U473                      NAND2_X2        NangateOpenCellLibrary_PDKv1_2_v2008_10_slow_nldm
                                                            0.7980  
U474                      NOR4_X2         NangateOpenCellLibrary_PDKv1_2_v2008_10_slow_nldm
                                                            1.3300  
U475                      MUX2_X2         NangateOpenCellLibrary_PDKv1_2_v2008_10_slow_nldm
                                                            1.8620  
U476                      MUX2_X2         NangateOpenCellLibrary_PDKv1_2_v2008_10_slow_nldm
                                                            1.8620  
U477                      NOR2_X2         NangateOpenCellLibrary_PDKv1_2_v2008_10_slow_nldm
                                                            0.7980  
U478                      NOR2_X2         NangateOpenCellLibrary_PDKv1_2_v2008_10_slow_nldm
                                                            0.7980  
U479                      NOR2_X2         NangateOpenCellLibrary_PDKv1_2_v2008_10_slow_nldm
                                                            0.7980  
U480                      NOR2_X2         NangateOpenCellLibrary_PDKv1_2_v2008_10_slow_nldm
                                                            0.7980  
U481                      NOR2_X2         NangateOpenCellLibrary_PDKv1_2_v2008_10_slow_nldm
                                                            0.7980  
U482                      NOR2_X2         NangateOpenCellLibrary_PDKv1_2_v2008_10_slow_nldm
                                                            0.7980  
U483                      NOR2_X2         NangateOpenCellLibrary_PDKv1_2_v2008_10_slow_nldm
                                                            0.7980  
U484                      NOR2_X2         NangateOpenCellLibrary_PDKv1_2_v2008_10_slow_nldm
                                                            0.7980  
U485                      NOR2_X2         NangateOpenCellLibrary_PDKv1_2_v2008_10_slow_nldm
                                                            0.7980  
U486                      NOR2_X2         NangateOpenCellLibrary_PDKv1_2_v2008_10_slow_nldm
                                                            0.7980  
U487                      NOR2_X2         NangateOpenCellLibrary_PDKv1_2_v2008_10_slow_nldm
                                                            0.7980  
U488                      NOR2_X2         NangateOpenCellLibrary_PDKv1_2_v2008_10_slow_nldm
                                                            0.7980  
U489                      NOR2_X2         NangateOpenCellLibrary_PDKv1_2_v2008_10_slow_nldm
                                                            0.7980  
U490                      NOR2_X2         NangateOpenCellLibrary_PDKv1_2_v2008_10_slow_nldm
                                                            0.7980  
U491                      NOR2_X2         NangateOpenCellLibrary_PDKv1_2_v2008_10_slow_nldm
                                                            0.7980  
U492                      NOR2_X2         NangateOpenCellLibrary_PDKv1_2_v2008_10_slow_nldm
                                                            0.7980  
U493                      NOR2_X2         NangateOpenCellLibrary_PDKv1_2_v2008_10_slow_nldm
                                                            0.7980  
U494                      NOR2_X2         NangateOpenCellLibrary_PDKv1_2_v2008_10_slow_nldm
                                                            0.7980  
U495                      MUX2_X2         NangateOpenCellLibrary_PDKv1_2_v2008_10_slow_nldm
                                                            1.8620  
U496                      NAND2_X2        NangateOpenCellLibrary_PDKv1_2_v2008_10_slow_nldm
                                                            0.7980  
U497                      NAND2_X2        NangateOpenCellLibrary_PDKv1_2_v2008_10_slow_nldm
                                                            0.7980  
U498                      MUX2_X2         NangateOpenCellLibrary_PDKv1_2_v2008_10_slow_nldm
                                                            1.8620  
U499                      OAI221_X2       NangateOpenCellLibrary_PDKv1_2_v2008_10_slow_nldm
                                                            1.5960  
U500                      XOR2_X2         NangateOpenCellLibrary_PDKv1_2_v2008_10_slow_nldm
                                                            1.5960  
U501                      OAI221_X2       NangateOpenCellLibrary_PDKv1_2_v2008_10_slow_nldm
                                                            1.5960  
U502                      XOR2_X2         NangateOpenCellLibrary_PDKv1_2_v2008_10_slow_nldm
                                                            1.5960  
U503                      OAI221_X2       NangateOpenCellLibrary_PDKv1_2_v2008_10_slow_nldm
                                                            1.5960  
U504                      XOR2_X2         NangateOpenCellLibrary_PDKv1_2_v2008_10_slow_nldm
                                                            1.5960  
U505                      XOR2_X2         NangateOpenCellLibrary_PDKv1_2_v2008_10_slow_nldm
                                                            1.5960  
U506                      OAI221_X2       NangateOpenCellLibrary_PDKv1_2_v2008_10_slow_nldm
                                                            1.5960  
U507                      XOR2_X2         NangateOpenCellLibrary_PDKv1_2_v2008_10_slow_nldm
                                                            1.5960  
U508                      OAI221_X2       NangateOpenCellLibrary_PDKv1_2_v2008_10_slow_nldm
                                                            1.5960  
U509                      XOR2_X2         NangateOpenCellLibrary_PDKv1_2_v2008_10_slow_nldm
                                                            1.5960  
U510                      OAI221_X2       NangateOpenCellLibrary_PDKv1_2_v2008_10_slow_nldm
                                                            1.5960  
U511                      XOR2_X2         NangateOpenCellLibrary_PDKv1_2_v2008_10_slow_nldm
                                                            1.5960  
U512                      OAI221_X2       NangateOpenCellLibrary_PDKv1_2_v2008_10_slow_nldm
                                                            1.5960  
U513                      XOR2_X2         NangateOpenCellLibrary_PDKv1_2_v2008_10_slow_nldm
                                                            1.5960  
U514                      XOR2_X2         NangateOpenCellLibrary_PDKv1_2_v2008_10_slow_nldm
                                                            1.5960  
U515                      XOR2_X2         NangateOpenCellLibrary_PDKv1_2_v2008_10_slow_nldm
                                                            1.5960  
U516                      XOR2_X2         NangateOpenCellLibrary_PDKv1_2_v2008_10_slow_nldm
                                                            1.5960  
U517                      XOR2_X2         NangateOpenCellLibrary_PDKv1_2_v2008_10_slow_nldm
                                                            1.5960  
U518                      XOR2_X2         NangateOpenCellLibrary_PDKv1_2_v2008_10_slow_nldm
                                                            1.5960  
U519                      NAND2_X2        NangateOpenCellLibrary_PDKv1_2_v2008_10_slow_nldm
                                                            0.7980  
U520                      XOR2_X2         NangateOpenCellLibrary_PDKv1_2_v2008_10_slow_nldm
                                                            1.5960  
U521                      XOR2_X2         NangateOpenCellLibrary_PDKv1_2_v2008_10_slow_nldm
                                                            1.5960  
U522                      NAND2_X2        NangateOpenCellLibrary_PDKv1_2_v2008_10_slow_nldm
                                                            0.7980  
U523                      NAND2_X2        NangateOpenCellLibrary_PDKv1_2_v2008_10_slow_nldm
                                                            0.7980  
U524                      INV_X4          NangateOpenCellLibrary_PDKv1_2_v2008_10_slow_nldm
                                                            0.5320  
U525                      XOR2_X2         NangateOpenCellLibrary_PDKv1_2_v2008_10_slow_nldm
                                                            1.5960  
U526                      NOR2_X2         NangateOpenCellLibrary_PDKv1_2_v2008_10_slow_nldm
                                                            0.7980  
U527                      XOR2_X2         NangateOpenCellLibrary_PDKv1_2_v2008_10_slow_nldm
                                                            1.5960  
U528                      NAND2_X1        NangateOpenCellLibrary_PDKv1_2_v2008_10_slow_nldm
                                                            0.7980  
U529                      AOI21_X1        NangateOpenCellLibrary_PDKv1_2_v2008_10_slow_nldm
                                                            1.0640  
--------------------------------------------------------------------------------
Total 392 cells                                           3159.0160
1
